<?xml version="1.0" encoding="UTF-8"?>
<testng-results ignored="0" total="1" passed="1" failed="0" skipped="0">
  <reporter-output>
  </reporter-output>
  <suite started-at="2024-11-07T00:13:01 PST" name="Default suite" finished-at="2024-11-07T00:14:47 PST" duration-ms="106530">
    <groups>
    </groups>
    <test started-at="2024-11-07T00:13:01 PST" name="Default test" finished-at="2024-11-07T00:14:47 PST" duration-ms="106530">
      <class name="testngpackage.datadriventest">
        <test-method is-config="true" signature="setup()[pri:0, instance:testngpackage.datadriventest@298a5e20]" started-at="2024-11-07T00:13:01 PST" name="setup" finished-at="2024-11-07T00:13:06 PST" duration-ms="5557" status="PASS">
          <reporter-output>
          </reporter-output>
        </test-method> <!-- setup -->
        <test-method signature="test()[pri:0, instance:testngpackage.datadriventest@298a5e20]" started-at="2024-11-07T00:13:06 PST" name="test" finished-at="2024-11-07T00:14:47 PST" duration-ms="100915" status="PASS">
          <reporter-output>
          </reporter-output>
        </test-method> <!-- test -->
      </class> <!-- testngpackage.datadriventest -->
    </test> <!-- Default test -->
  </suite> <!-- Default suite -->
</testng-results>
